/scratch/06185/tg854841/FIRE_2_0_or_h553_criden1000_noaddm_sggs_dust/Elemental/AHF_data
Fri Aug 23 20:08:12 CDT 2019

Currently Loaded Modules:
  1) intel/18.0.2   2) mvapich2/2.3.1   3) hdf5/1.10.4

 

/scratch/06185/tg854841/FIRE_2_0_or_h553_criden1000_noaddm_sggs_dust/Elemental/AHF_data/AHF/run
TACC:  Starting up job 4223536 
TACC:  Setting up parallel environment for MVAPICH2+mpispawn. 
TACC:  Starting parallel tasks... 

These are the input parameters you provided, please check them carefully again:
===============================================================================
ic_filename       = /scratch/06185/tg854841/FIRE_2_0_or_h553_criden1000_noaddm_sggs_dust/Elemental/output/snapshot_001.hdf5
ic_filetype       = 50
outfile_prefix    = /scratch/06185/tg854841/FIRE_2_0_or_h553_criden1000_noaddm_sggs_dust/Elemental/AHF_data/AHF_output/snapshot_001
TACC:  Shutdown complete. Exiting. 
TACC:  Starting up job 4223536 
TACC:  Setting up parallel environment for MVAPICH2+mpispawn. 
TACC:  Starting parallel tasks... 

These are the input parameters you provided, please check them carefully again:
===============================================================================
ic_filename       = /scratch/06185/tg854841/FIRE_2_0_or_h553_criden1000_noaddm_sggs_dust/Elemental/output/snapshot_002.hdf5
ic_filetype       = 50
outfile_prefix    = /scratch/06185/tg854841/FIRE_2_0_or_h553_criden1000_noaddm_sggs_dust/Elemental/AHF_data/AHF_output/snapshot_002
TACC:  Shutdown complete. Exiting. 
TACC:  Starting up job 4223536 
TACC:  Setting up parallel environment for MVAPICH2+mpispawn. 
TACC:  Starting parallel tasks... 

These are the input parameters you provided, please check them carefully again:
===============================================================================
ic_filename       = /scratch/06185/tg854841/FIRE_2_0_or_h553_criden1000_noaddm_sggs_dust/Elemental/output/snapshot_003.hdf5
ic_filetype       = 50
outfile_prefix    = /scratch/06185/tg854841/FIRE_2_0_or_h553_criden1000_noaddm_sggs_dust/Elemental/AHF_data/AHF_output/snapshot_003
slurmstepd: error: *** JOB 4223536 ON c506-064 CANCELLED AT 2019-08-23T20:18:14 DUE TO TIME LIMIT ***
[c506-064.stampede2.tacc.utexas.edu:mpirun_rsh][signal_processor] Caught signal 15, killing job
